# JRE version: OpenJDK Runtime Environment Temurin-21.0.10+7 (21.0.10+7) (build 21.0.10+7-LTS)
# Java VM: OpenJDK 64-Bit Server VM Temurin-21.0.10+7 (21.0.10+7-LTS, mixed mode, sharing, tiered, compressed oops, compressed class ptrs, parallel gc, windows-amd64)
GC Precious Log:
 CardTable entry size: 512
 CPUs: 16 total, 16 available
 Memory: 14020M
 Large Page Support: Disabled
 NUMA Support: Disabled
 Compressed Oops: Enabled (32-bit)
 Alignments: Space 512K, Generation 512K, Heap 2M
 Heap Min Capacity: 100M
 Heap Initial Capacity: 100M
 Heap Max Capacity: 2G
 Pre-touch: Disabled
 Parallel Workers: 13
Heap:
 PSYoungGen      total 14336K, used 11987K [0x00000000d5580000, 0x00000000d6480000, 0x0000000100000000)
  eden space 13312K, 83% used [0x00000000d5580000,0x00000000d60592d8,0x00000000d6280000)
  from space 1024K, 85% used [0x00000000d6280000,0x00000000d635bb00,0x00000000d6380000)
  to   space 1024K, 0% used [0x00000000d6380000,0x00000000d6380000,0x00000000d6480000)
 ParOldGen       total 68608K, used 64293K [0x0000000080000000, 0x0000000084300000, 0x00000000d5580000)
  object space 68608K, 93% used [0x0000000080000000,0x0000000083ec9490,0x0000000084300000)
 Metaspace       used 57243K, committed 58688K, reserved 1114112K
  class space    used 6162K, committed 6720K, reserved 1048576K
GC Heap History (20 events):
Event: 17.455 GC heap before
{Heap before GC invocations=43 (full 2):
 PSYoungGen      total 15360K, used 15102K [0x00000000d5580000, 0x00000000d6680000, 0x0000000100000000)
  eden space 13824K, 100% used [0x00000000d5580000,0x00000000d6300000,0x00000000d6300000)
  from space 1536K, 83% used [0x00000000d6500000,0x00000000d663f840,0x00000000d6680000)
  to   space 1536K, 0% used [0x00000000d6380000,0x00000000d6380000,0x00000000d6500000)
 ParOldGen       total 68608K, used 56952K [0x0000000080000000, 0x0000000084300000, 0x00000000d5580000)
  object space 68608K, 83% used [0x0000000080000000,0x000000008379e2a0,0x0000000084300000)
 Metaspace       used 56182K, committed 57664K, reserved 1114112K
  class space    used 6096K, committed 6720K, reserved 1048576K
}
Event: 17.456 GC heap after
{Heap after GC invocations=43 (full 2):
 PSYoungGen      total 15360K, used 1056K [0x00000000d5580000, 0x00000000d6600000, 0x0000000100000000)
  eden space 13824K, 0% used [0x00000000d5580000,0x00000000d5580000,0x00000000d6300000)
  from space 1536K, 68% used [0x00000000d6380000,0x00000000d6488000,0x00000000d6500000)
  to   space 1024K, 0% used [0x00000000d6500000,0x00000000d6500000,0x00000000d6600000)
 ParOldGen       total 68608K, used 58031K [0x0000000080000000, 0x0000000084300000, 0x00000000d5580000)
  object space 68608K, 84% used [0x0000000080000000,0x00000000838abf18,0x0000000084300000)
 Metaspace       used 56182K, committed 57664K, reserved 1114112K
  class space    used 6096K, committed 6720K, reserved 1048576K
}
Event: 17.510 GC heap before
{Heap before GC invocations=44 (full 2):
 PSYoungGen      total 15360K, used 14880K [0x00000000d5580000, 0x00000000d6600000, 0x0000000100000000)
  eden space 13824K, 100% used [0x00000000d5580000,0x00000000d6300000,0x00000000d6300000)
  from space 1536K, 68% used [0x00000000d6380000,0x00000000d6488000,0x00000000d6500000)
  to   space 1024K, 0% used [0x00000000d6500000,0x00000000d6500000,0x00000000d6600000)
 ParOldGen       total 68608K, used 58031K [0x0000000080000000, 0x0000000084300000, 0x00000000d5580000)
  object space 68608K, 84% used [0x0000000080000000,0x00000000838abf18,0x0000000084300000)
 Metaspace       used 56212K, committed 57664K, reserved 1114112K
  class space    used 6096K, committed 6720K, reserved 1048576K
}
Event: 17.512 GC heap after
{Heap after GC invocations=44 (full 2):
 PSYoungGen      total 14336K, used 1011K [0x00000000d5580000, 0x00000000d6800000, 0x0000000100000000)
  eden space 13312K, 0% used [0x00000000d5580000,0x00000000d5580000,0x00000000d6280000)
  from space 1024K, 98% used [0x00000000d6500000,0x00000000d65fccf0,0x00000000d6600000)
  to   space 2560K, 0% used [0x00000000d6280000,0x00000000d6280000,0x00000000d6500000)
 ParOldGen       total 68608K, used 59215K [0x0000000080000000, 0x0000000084300000, 0x00000000d5580000)
  object space 68608K, 86% used [0x0000000080000000,0x00000000839d3f28,0x0000000084300000)
 Metaspace       used 56212K, committed 57664K, reserved 1114112K
  class space    used 6096K, committed 6720K, reserved 1048576K
}
Event: 17.539 GC heap before
{Heap before GC invocations=45 (full 2):
 PSYoungGen      total 14336K, used 14323K [0x00000000d5580000, 0x00000000d6800000, 0x0000000100000000)
  eden space 13312K, 100% used [0x00000000d5580000,0x00000000d6280000,0x00000000d6280000)
  from space 1024K, 98% used [0x00000000d6500000,0x00000000d65fccf0,0x00000000d6600000)
  to   space 2560K, 0% used [0x00000000d6280000,0x00000000d6280000,0x00000000d6500000)
 ParOldGen       total 68608K, used 59215K [0x0000000080000000, 0x0000000084300000, 0x00000000d5580000)
  object space 68608K, 86% used [0x0000000080000000,0x00000000839d3f28,0x0000000084300000)
 Metaspace       used 56220K, committed 57664K, reserved 1114112K
  class space    used 6096K, committed 6720K, reserved 1048576K
}
Event: 17.540 GC heap after
{Heap after GC invocations=45 (full 2):
 PSYoungGen      total 14336K, used 864K [0x00000000d5580000, 0x00000000d6580000, 0x0000000100000000)
  eden space 13312K, 0% used [0x00000000d5580000,0x00000000d5580000,0x00000000d6280000)
  from space 1024K, 84% used [0x00000000d6280000,0x00000000d6358000,0x00000000d6380000)
  to   space 1536K, 0% used [0x00000000d6400000,0x00000000d6400000,0x00000000d6580000)
 ParOldGen       total 68608K, used 60217K [0x0000000080000000, 0x0000000084300000, 0x00000000d5580000)
  object space 68608K, 87% used [0x0000000080000000,0x0000000083ace628,0x0000000084300000)
 Metaspace       used 56220K, committed 57664K, reserved 1114112K
  class space    used 6096K, committed 6720K, reserved 1048576K
}
Event: 17.593 GC heap before
{Heap before GC invocations=46 (full 2):
 PSYoungGen      total 14336K, used 14176K [0x00000000d5580000, 0x00000000d6580000, 0x0000000100000000)
  eden space 13312K, 100% used [0x00000000d5580000,0x00000000d6280000,0x00000000d6280000)
  from space 1024K, 84% used [0x00000000d6280000,0x00000000d6358000,0x00000000d6380000)
  to   space 1536K, 0% used [0x00000000d6400000,0x00000000d6400000,0x00000000d6580000)
 ParOldGen       total 68608K, used 60217K [0x0000000080000000, 0x0000000084300000, 0x00000000d5580000)
  object space 68608K, 87% used [0x0000000080000000,0x0000000083ace628,0x0000000084300000)
 Metaspace       used 56267K, committed 57728K, reserved 1114112K
  class space    used 6096K, committed 6720K, reserved 1048576K
}
Event: 17.595 GC heap after
{Heap after GC invocations=46 (full 2):
 PSYoungGen      total 14336K, used 914K [0x00000000d5580000, 0x00000000d6500000, 0x0000000100000000)
  eden space 13312K, 0% used [0x00000000d5580000,0x00000000d5580000,0x00000000d6280000)
  from space 1024K, 89% used [0x00000000d6400000,0x00000000d64e4a88,0x00000000d6500000)
  to   space 1024K, 0% used [0x00000000d6280000,0x00000000d6280000,0x00000000d6380000)
 ParOldGen       total 68608K, used 60801K [0x0000000080000000, 0x0000000084300000, 0x00000000d5580000)
  object space 68608K, 88% used [0x0000000080000000,0x0000000083b60628,0x0000000084300000)
 Metaspace       used 56267K, committed 57728K, reserved 1114112K
  class space    used 6096K, committed 6720K, reserved 1048576K
}
Event: 17.635 GC heap before
{Heap before GC invocations=47 (full 2):
 PSYoungGen      total 14336K, used 14226K [0x00000000d5580000, 0x00000000d6500000, 0x0000000100000000)
  eden space 13312K, 100% used [0x00000000d5580000,0x00000000d6280000,0x00000000d6280000)
  from space 1024K, 89% used [0x00000000d6400000,0x00000000d64e4a88,0x00000000d6500000)
  to   space 1024K, 0% used [0x00000000d6280000,0x00000000d6280000,0x00000000d6380000)
 ParOldGen       total 68608K, used 60801K [0x0000000080000000, 0x0000000084300000, 0x00000000d5580000)
  object space 68608K, 88% used [0x0000000080000000,0x0000000083b60628,0x0000000084300000)
 Metaspace       used 56272K, committed 57728K, reserved 1114112K
  class space    used 6097K, committed 6720K, reserved 1048576K
}
Event: 17.636 GC heap after
{Heap after GC invocations=47 (full 2):
 PSYoungGen      total 14336K, used 737K [0x00000000d5580000, 0x00000000d6480000, 0x0000000100000000)
  eden space 13312K, 0% used [0x00000000d5580000,0x00000000d5580000,0x00000000d6280000)
  from space 1024K, 72% used [0x00000000d6280000,0x00000000d63387d8,0x00000000d6380000)
  to   space 1024K, 0% used [0x00000000d6380000,0x00000000d6380000,0x00000000d6480000)
 ParOldGen       total 68608K, used 61499K [0x0000000080000000, 0x0000000084300000, 0x00000000d5580000)
  object space 68608K, 89% used [0x0000000080000000,0x0000000083c0ec18,0x0000000084300000)
 Metaspace       used 56272K, committed 57728K, reserved 1114112K
  class space    used 6097K, committed 6720K, reserved 1048576K
}
Event: 17.676 GC heap before
{Heap before GC invocations=48 (full 2):
 PSYoungGen      total 14336K, used 14049K [0x00000000d5580000, 0x00000000d6480000, 0x0000000100000000)
  eden space 13312K, 100% used [0x00000000d5580000,0x00000000d6280000,0x00000000d6280000)
  from space 1024K, 72% used [0x00000000d6280000,0x00000000d63387d8,0x00000000d6380000)
  to   space 1024K, 0% used [0x00000000d6380000,0x00000000d6380000,0x00000000d6480000)
 ParOldGen       total 68608K, used 61499K [0x0000000080000000, 0x0000000084300000, 0x00000000d5580000)
  object space 68608K, 89% used [0x0000000080000000,0x0000000083c0ec18,0x0000000084300000)
 Metaspace       used 56311K, committed 57728K, reserved 1114112K
  class space    used 6102K, committed 6720K, reserved 1048576K
}
Event: 17.677 GC heap after
{Heap after GC invocations=48 (full 2):
 PSYoungGen      total 14336K, used 616K [0x00000000d5580000, 0x00000000d6480000, 0x0000000100000000)
  eden space 13312K, 0% used [0x00000000d5580000,0x00000000d5580000,0x00000000d6280000)
  from space 1024K, 60% used [0x00000000d6380000,0x00000000d641a118,0x00000000d6480000)
  to   space 1024K, 0% used [0x00000000d6280000,0x00000000d6280000,0x00000000d6380000)
 ParOldGen       total 68608K, used 61913K [0x0000000080000000, 0x0000000084300000, 0x00000000d5580000)
  object space 68608K, 90% used [0x0000000080000000,0x0000000083c76650,0x0000000084300000)
 Metaspace       used 56311K, committed 57728K, reserved 1114112K
  class space    used 6102K, committed 6720K, reserved 1048576K
}
Event: 17.730 GC heap before
{Heap before GC invocations=49 (full 2):
 PSYoungGen      total 14336K, used 13928K [0x00000000d5580000, 0x00000000d6480000, 0x0000000100000000)
  eden space 13312K, 100% used [0x00000000d5580000,0x00000000d6280000,0x00000000d6280000)
  from space 1024K, 60% used [0x00000000d6380000,0x00000000d641a118,0x00000000d6480000)
  to   space 1024K, 0% used [0x00000000d6280000,0x00000000d6280000,0x00000000d6380000)
 ParOldGen       total 68608K, used 61913K [0x0000000080000000, 0x0000000084300000, 0x00000000d5580000)
  object space 68608K, 90% used [0x0000000080000000,0x0000000083c76650,0x0000000084300000)
 Metaspace       used 56325K, committed 57792K, reserved 1114112K
  class space    used 6104K, committed 6720K, reserved 1048576K
}
Event: 17.733 GC heap after
{Heap after GC invocations=49 (full 2):
 PSYoungGen      total 14336K, used 847K [0x00000000d5580000, 0x00000000d6480000, 0x0000000100000000)
  eden space 13312K, 0% used [0x00000000d5580000,0x00000000d5580000,0x00000000d6280000)
  from space 1024K, 82% used [0x00000000d6280000,0x00000000d6353ee8,0x00000000d6380000)
  to   space 1024K, 0% used [0x00000000d6380000,0x00000000d6380000,0x00000000d6480000)
 ParOldGen       total 68608K, used 62281K [0x0000000080000000, 0x0000000084300000, 0x00000000d5580000)
  object space 68608K, 90% used [0x0000000080000000,0x0000000083cd2560,0x0000000084300000)
 Metaspace       used 56325K, committed 57792K, reserved 1114112K
  class space    used 6104K, committed 6720K, reserved 1048576K
}
Event: 17.788 GC heap before
{Heap before GC invocations=50 (full 2):
 PSYoungGen      total 14336K, used 14159K [0x00000000d5580000, 0x00000000d6480000, 0x0000000100000000)
  eden space 13312K, 100% used [0x00000000d5580000,0x00000000d6280000,0x00000000d6280000)
  from space 1024K, 82% used [0x00000000d6280000,0x00000000d6353ee8,0x00000000d6380000)
  to   space 1024K, 0% used [0x00000000d6380000,0x00000000d6380000,0x00000000d6480000)
 ParOldGen       total 68608K, used 62281K [0x0000000080000000, 0x0000000084300000, 0x00000000d5580000)
  object space 68608K, 90% used [0x0000000080000000,0x0000000083cd2560,0x0000000084300000)
 Metaspace       used 56390K, committed 57856K, reserved 1114112K
  class space    used 6105K, committed 6720K, reserved 1048576K
}
Event: 17.789 GC heap after
{Heap after GC invocations=50 (full 2):
 PSYoungGen      total 14336K, used 972K [0x00000000d5580000, 0x00000000d6480000, 0x0000000100000000)
  eden space 13312K, 0% used [0x00000000d5580000,0x00000000d5580000,0x00000000d6280000)
  from space 1024K, 95% used [0x00000000d6380000,0x00000000d64733c0,0x00000000d6480000)
  to   space 1024K, 0% used [0x00000000d6280000,0x00000000d6280000,0x00000000d6380000)
 ParOldGen       total 68608K, used 62764K [0x0000000080000000, 0x0000000084300000, 0x00000000d5580000)
  object space 68608K, 91% used [0x0000000080000000,0x0000000083d4b2a0,0x0000000084300000)
 Metaspace       used 56390K, committed 57856K, reserved 1114112K
  class space    used 6105K, committed 6720K, reserved 1048576K
}
Event: 17.830 GC heap before
{Heap before GC invocations=51 (full 2):
 PSYoungGen      total 14336K, used 14284K [0x00000000d5580000, 0x00000000d6480000, 0x0000000100000000)
  eden space 13312K, 100% used [0x00000000d5580000,0x00000000d6280000,0x00000000d6280000)
  from space 1024K, 95% used [0x00000000d6380000,0x00000000d64733c0,0x00000000d6480000)
  to   space 1024K, 0% used [0x00000000d6280000,0x00000000d6280000,0x00000000d6380000)
 ParOldGen       total 68608K, used 62764K [0x0000000080000000, 0x0000000084300000, 0x00000000d5580000)
  object space 68608K, 91% used [0x0000000080000000,0x0000000083d4b2a0,0x0000000084300000)
 Metaspace       used 56421K, committed 57856K, reserved 1114112K
  class space    used 6105K, committed 6720K, reserved 1048576K
}
Event: 17.831 GC heap after
{Heap after GC invocations=51 (full 2):
 PSYoungGen      total 14336K, used 939K [0x00000000d5580000, 0x00000000d6480000, 0x0000000100000000)
  eden space 13312K, 0% used [0x00000000d5580000,0x00000000d5580000,0x00000000d6280000)
  from space 1024K, 91% used [0x00000000d6280000,0x00000000d636ae88,0x00000000d6380000)
  to   space 1024K, 0% used [0x00000000d6380000,0x00000000d6380000,0x00000000d6480000)
 ParOldGen       total 68608K, used 63332K [0x0000000080000000, 0x0000000084300000, 0x00000000d5580000)
  object space 68608K, 92% used [0x0000000080000000,0x0000000083dd9390,0x0000000084300000)
 Metaspace       used 56421K, committed 57856K, reserved 1114112K
  class space    used 6105K, committed 6720K, reserved 1048576K
}
Event: 17.870 GC heap before
{Heap before GC invocations=52 (full 2):
 PSYoungGen      total 14336K, used 14251K [0x00000000d5580000, 0x00000000d6480000, 0x0000000100000000)
  eden space 13312K, 100% used [0x00000000d5580000,0x00000000d6280000,0x00000000d6280000)
  from space 1024K, 91% used [0x00000000d6280000,0x00000000d636ae88,0x00000000d6380000)
  to   space 1024K, 0% used [0x00000000d6380000,0x00000000d6380000,0x00000000d6480000)
 ParOldGen       total 68608K, used 63332K [0x0000000080000000, 0x0000000084300000, 0x00000000d5580000)
  object space 68608K, 92% used [0x0000000080000000,0x0000000083dd9390,0x0000000084300000)
 Metaspace       used 56504K, committed 57920K, reserved 1114112K
  class space    used 6105K, committed 6720K, reserved 1048576K
}
Event: 17.872 GC heap after
{Heap after GC invocations=52 (full 2):
 PSYoungGen      total 14336K, used 988K [0x00000000d5580000, 0x00000000d6480000, 0x0000000100000000)
  eden space 13312K, 0% used [0x00000000d5580000,0x00000000d5580000,0x00000000d6280000)
  from space 1024K, 96% used [0x00000000d6380000,0x00000000d6477098,0x00000000d6480000)
  to   space 1024K, 0% used [0x00000000d6280000,0x00000000d6280000,0x00000000d6380000)
 ParOldGen       total 68608K, used 63789K [0x0000000080000000, 0x0000000084300000, 0x00000000d5580000)
  object space 68608K, 92% used [0x0000000080000000,0x0000000083e4b430,0x0000000084300000)
 Metaspace       used 56504K, committed 57920K, reserved 1114112K
  class space    used 6105K, committed 6720K, reserved 1048576K
}

